C51 COMPILER V9.60.0.0   MAIN                                                              08/08/2020 20:49:38 PAGE 1   


C51 COMPILER V9.60.0.0, COMPILATION OF MODULE MAIN
OBJECT MODULE PLACED IN .\Objects\main.obj
COMPILER INVOKED BY: D:\Keil_v5\C51\BIN\C51.EXE main.c OPTIMIZE(8,SPEED) BROWSE INCDIR(.\WTN6) DEBUG OBJECTEXTEND PRINT(
                    -.\Listings\main.lst) OBJECT(.\Objects\main.obj)

line level    source

   1          #include "stc8.h"
   2          #include "wtn6.h"
   3          
   4          unsigned char Number[]={0x00,0x01,0x02,0x03,0x04,0x05,0x06,0x07,0x08,0x09};//数字0-9
   5          unsigned char Phone_Number[]={0x01,0x08,0x06,0x08,0x05,0x08,0x05,0x08,0x09,0x02,0x01};//电话号码
   6          unsigned char Ring_Number[]={0x00,0x08,0x05,0x01,0x08,0x08,0x02,0x03,0x03,0x05,0x01,0x08};//座机号码
   7          unsigned char Temp[]={0x02,0x08,0x05};//温度28.5度
   8          unsigned char Hump[]={0x07,0x08,0x05};//湿度28.5%
   9          unsigned char Date[]={0x02,0x00,0x02,0x00,0x00,0x08,0x02,0x08};//日期，今天2020年8月8日
  10          unsigned char Time[]={0x01,0x01,0x08};//现在上午，18点整
  11          
  12          
  13          void main()
  14          {
  15   1      
  16   1              WTN6_Num(Number,sizeof(Number));
  17   1              WTN6_Num(Number,6);
  18   1              WTN6_Temp(Temp);
  19   1              WTN6_Hump(Hump);
  20   1              WTN6_Ring();
  21   1              WTN6_Num(Phone_Number,11);
  22   1              WTN6_InCall();
  23   1              WTN6_ReportDate(Date);
  24   1              WTN6_ReportTime(Time);
  25   1              
  26   1              while(1)
  27   1              {
  28   2                      
  29   2              }
  30   1      }
  31          


MODULE INFORMATION:   STATIC OVERLAYABLE
   CODE SIZE        =     83    ----
   CONSTANT SIZE    =   ----    ----
   XDATA SIZE       =   ----    ----
   PDATA SIZE       =   ----    ----
   DATA SIZE        =     50    ----
   IDATA SIZE       =   ----    ----
   BIT SIZE         =   ----    ----
END OF MODULE INFORMATION.


C51 COMPILATION COMPLETE.  0 WARNING(S),  0 ERROR(S)
